<?xml version="1.0" encoding="UTF-8" ?>
<testsuite errors="0" failures="0" name="org.panopticode.PanopticodeFileTest" tests="9" time="0.01">
  <properties>
[...]
</properties>
  <testcase classname="org.panopticode.PanopticodeFileTest" name="testToXML" time="0.0010" />
  <testcase classname="org.panopticode.PanopticodeFileTest" name="testFromXML" time="0.0030" />
  <testcase classname="org.panopticode.PanopticodeFileTest" name="testLevel" time="0.0" />
  <testcase classname="org.panopticode.PanopticodeFileTest" name="testAddingSameMetricTwiceOnlyStoresOnce" time="0.0010" />
  <testcase classname="org.panopticode.PanopticodeFileTest" name="testConstructorSetPropertiesToMatchArgumentsPassed" time="0.0" />
  <testcase classname="org.panopticode.PanopticodeFileTest" name="testGetMetricByName" time="0.0" />
  <testcase classname="org.panopticode.PanopticodeFileTest" name="testConstructorPullsBasePathOffOfPath" time="0.0" />
  <testcase classname="org.panopticode.PanopticodeFileTest" name="testClassAddingAndRetrieval" time="0.0" />
  <testcase classname="org.panopticode.PanopticodeFileTest" name="testGetMethods" time="0.0" />
  <system-out><![CDATA[]]></system-out>
  <system-err><![CDATA[]]></system-err>
</testsuite>
