<?xml version="1.0"?>
<!DOCTYPE coverage SYSTEM "http://cobertura.sourceforge.net/xml/coverage-04.dtd">

<coverage line-rate="0.8613756613756614" branch-rate="0.7964285714285714" lines-covered="1628" lines-valid="1890" branches-covered="446" branches-valid="560" complexity="1.851219512195122" version="2.1.1" timestamp="1457449210649">
	<sources>
		<source>prod/src</source>
	</sources>
	<packages>
		<package name="" line-rate="0.0" branch-rate="1.0" complexity="1.0">
			<classes>
				<class name="InDefault" filename="InDefault.java" line-rate="0.0" branch-rate="1.0" complexity="1.0">
					<methods>
						<method name="&lt;init&gt;" signature="()V" line-rate="0.0" branch-rate="1.0" complexity="0">
							<lines>
								<line number="3" hits="0" branch="false"/>
							</lines>
						</method>
						<method name="lemon" signature="(BJF)S" line-rate="0.0" branch-rate="1.0" complexity="0">
							<lines>
								<line number="6" hits="0" branch="false"/>
							</lines>
						</method>
					</methods>
					<lines>
						<line number="3" hits="0" branch="false"/>
						<line number="6" hits="0" branch="false"/>
					</lines>
				</class>
			</classes>
		</package>
		<package name="org.panopticode" line-rate="0.9096296296296297" branch-rate="0.8953488372093024" complexity="1.4644549763033174">
			<classes>
				<class name="org.panopticode.DecimalMetric" filename="org/panopticode/DecimalMetric.java" line-rate="1.0" branch-rate="1.0" complexity="1.0">
					<methods>
						<method name="&lt;init&gt;" signature="(Lorg/panopticode/DecimalMetricDeclaration;Ljava/lang/Double;)V" line-rate="1.0" branch-rate="1.0" complexity="0">
							<lines>
								<line number="30" hits="33" branch="false"/>
								<line number="31" hits="33" branch="false"/>
								<line number="32" hits="33" branch="false"/>
							</lines>
						</method>
						<method name="addValue" signature="(Lorg/dom4j/Element;)V" line-rate="1.0" branch-rate="1.0" complexity="0">
							<lines>
								<line number="35" hits="1" branch="false"/>
								<line number="36" hits="1" branch="false"/>
							</lines>
						</method>
						<method name="getStringValue" signature="()Ljava/lang/String;" line-rate="1.0" branch-rate="1.0" complexity="0">
							<lines>
								<line number="39" hits="1145" branch="false"/>
							</lines>
						</method>
						<method name="getValue" signature="()Ljava/lang/Double;" line-rate="1.0" branch-rate="1.0" complexity="0">
							<lines>
								<line number="43" hits="7" branch="false"/>
							</lines>
						</method>
					</methods>
					<lines>
						<line number="30" hits="33" branch="false"/>
						<line number="31" hits="33" branch="false"/>
						<line number="32" hits="33" branch="false"/>
						<line number="35" hits="1" branch="false"/>
						<line number="36" hits="1" branch="false"/>
						<line number="39" hits="1145" branch="false"/>
						<line number="43" hits="7" branch="false"/>
					</lines>
				</class>
				<class name="org.panopticode.DecimalMetricDeclaration" filename="org/panopticode/DecimalMetricDeclaration.java" line-rate="1.0" branch-rate="1.0" complexity="1.0">
					<methods>
						<method name="&lt;init&gt;" signature="(Lorg/panopticode/Supplement;Ljava/lang/String;)V" line-rate="1.0" branch-rate="1.0" complexity="0">
							<lines>
								<line number="29" hits="58" branch="false"/>
								<line number="30" hits="58" branch="false"/>
							</lines>
						</method>
						<method name="createMetric" signature="(Ljava/lang/Double;)Lorg/panopticode/DecimalMetric;" line-rate="1.0" branch-rate="1.0" complexity="0">
							<lines>
								<line number="33" hits="33" branch="false"/>
							</lines>
						</method>
						<method name="getType" signature="()Ljava/lang/String;" line-rate="1.0" branch-rate="1.0" complexity="0">
							<lines>
								<line number="37" hits="1" branch="false"/>
							</lines>
						</method>
						<method name="metricFromXML" signature="(Lorg/dom4j/Element;Lorg/panopticode/MetricTarget;)V" line-rate="1.0" branch-rate="1.0" complexity="0">
							<lines>
								<line number="44" hits="25" branch="false"/>
								<line number="46" hits="25" branch="false"/>
								<line number="48" hits="25" branch="false"/>
								<line number="49" hits="25" branch="false"/>
							</lines>
						</method>
					</methods>
					<lines>
						<line number="29" hits="58" branch="false"/>
						<line number="30" hits="58" branch="false"/>
						<line number="33" hits="33" branch="false"/>
						<line number="37" hits="1" branch="false"/>
						<line number="44" hits="25" branch="false"/>
						<line number="46" hits="25" branch="false"/>
						<line number="48" hits="25" branch="false"/>
						<line number="49" hits="25" branch="false"/>
					</lines>
				</class>
				<class name="org.panopticode.InDefault" filename="org/panopticode/InDefault.java" line-rate="0.0" branch-rate="1.0" complexity="1.0">
					<methods>
						<method name="&lt;init&gt;" signature="()V" line-rate="0.0" branch-rate="1.0" complexity="0">
							<lines>
								<line number="3" hits="0" branch="false"/>
							</lines>
						</method>
						<method name="lemon" signature="(BJF)S" line-rate="0.0" branch-rate="1.0" complexity="0">
							<lines>
								<line number="6" hits="0" branch="false"/>
							</lines>
						</method>
					</methods>
					<lines>
						<line number="3" hits="0" branch="false"/>
						<line number="6" hits="0" branch="false"/>
					</lines>
				</class>
				<class name="org.panopticode.IntegerMetric" filename="org/panopticode/IntegerMetric.java" line-rate="1.0" branch-rate="1.0" complexity="1.0">
					<methods>
						<method name="&lt;init&gt;" signature="(Lorg/panopticode/IntegerMetricDeclaration;Ljava/lang/Integer;)V" line-rate="1.0" branch-rate="1.0" complexity="0">
							<lines>
								<line number="30" hits="896" branch="false"/>
								<line number="31" hits="896" branch="false"/>
								<line number="32" hits="896" branch="false"/>
							</lines>
						</method>
						<method name="addValue" signature="(Lorg/dom4j/Element;)V" line-rate="1.0" branch-rate="1.0" complexity="0">
							<lines>
								<line number="35" hits="1" branch="false"/>
								<line number="36" hits="1" branch="false"/>
							</lines>
						</method>
						<method name="getStringValue" signature="()Ljava/lang/String;" line-rate="1.0" branch-rate="1.0" complexity="0">
							<lines>
								<line number="39" hits="3435" branch="false"/>
							</lines>
						</method>
						<method name="getValue" signature="()Ljava/lang/Integer;" line-rate="1.0" branch-rate="1.0" complexity="0">
							<lines>
								<line number="43" hits="811" branch="false"/>
							</lines>
						</method>
					</methods>
					<lines>
						<line number="30" hits="896" branch="false"/>
						<line number="31" hits="896" branch="false"/>
						<line number="32" hits="896" branch="false"/>
						<line number="35" hits="1" branch="false"/>
						<line number="36" hits="1" branch="false"/>
						<line number="39" hits="3435" branch="false"/>
						<line number="43" hits="811" branch="false"/>
					</lines>
				</class>
				<class name="org.panopticode.IntegerMetricDeclaration" filename="org/panopticode/IntegerMetricDeclaration.java" line-rate="1.0" branch-rate="1.0" complexity="1.0">
					<methods>
						<method name="&lt;init&gt;" signature="(Lorg/panopticode/Supplement;Ljava/lang/String;)V" line-rate="1.0" branch-rate="1.0" complexity="0">
							<lines>
								<line number="29" hits="178" branch="false"/>
								<line number="30" hits="178" branch="false"/>
							</lines>
						</method>
						<method name="createMetric" signature="(Ljava/lang/Integer;)Lorg/panopticode/IntegerMetric;" line-rate="1.0" branch-rate="1.0" complexity="0">
							<lines>
								<line number="33" hits="896" branch="false"/>
							</lines>
						</method>
						<method name="getType" signature="()Ljava/lang/String;" line-rate="1.0" branch-rate="1.0" complexity="0">
							<lines>
								<line number="37" hits="6" branch="false"/>
							</lines>
						</method>
						<method name="metricFromXML" signature="(Lorg/dom4j/Element;Lorg/panopticode/MetricTarget;)V" line-rate="1.0" branch-rate="1.0" complexity="0">
							<lines>
								<line number="44" hits="869" branch="false"/>
								<line number="46" hits="869" branch="false"/>
								<line number="48" hits="869" branch="false"/>
								<line number="49" hits="869" branch="false"/>
							</lines>
						</method>
					</methods>
					<lines>
						<line number="29" hits="178" branch="false"/>
						<line number="30" hits="178" branch="false"/>
						<line number="33" hits="896" branch="false"/>
						<line number="37" hits="6" branch="false"/>
						<line number="44" hits="869" branch="false"/>
						<line number="46" hits="869" branch="false"/>
						<line number="48" hits="869" branch="false"/>
						<line number="49" hits="869" branch="false"/>
					</lines>
				</class>
				<class name="org.panopticode.Level" filename="org/panopticode/Level.java" line-rate="1.0" branch-rate="1.0" complexity="1.0">
					<methods>
						<method name="&lt;clinit&gt;" signature="()V" line-rate="1.0" branch-rate="1.0" complexity="0">
							<lines>
								<line number="3" hits="1" branch="false"/>
								<line number="4" hits="1" branch="false"/>
								<line number="5" hits="1" branch="false"/>
								<line number="6" hits="1" branch="false"/>
								<line number="7" hits="1" branch="false"/>
								<line number="8" hits="1" branch="false"/>
							</lines>
						</method>
						<method name="&lt;init&gt;" signature="(Ljava/lang/String;ILjava/lang/String;)V" line-rate="1.0" branch-rate="1.0" complexity="0">
							<lines>
								<line number="12" hits="5" branch="false"/>
								<line number="13" hits="5" branch="false"/>
								<line number="14" hits="5" branch="false"/>
							</lines>
						</method>
						<method name="getName" signature="()Ljava/lang/String;" line-rate="1.0" branch-rate="1.0" complexity="0">
							<lines>
								<line number="17" hits="5" branch="false"/>
							</lines>
						</method>
						<method name="valueOf" signature="(Ljava/lang/String;)Lorg/panopticode/Level;" line-rate="1.0" branch-rate="1.0" complexity="0">
							<lines>
							</lines>
						</method>
						<method name="values" signature="()[Lorg/panopticode/Level;" line-rate="1.0" branch-rate="1.0" complexity="0">
							<lines>
							</lines>
						</method>
					</methods>
					<lines>
						<line number="3" hits="1" branch="false"/>
						<line number="4" hits="1" branch="false"/>
						<line number="5" hits="1" branch="false"/>
						<line number="6" hits="1" branch="false"/>
						<line number="7" hits="1" branch="false"/>
						<line number="8" hits="1" branch="false"/>
						<line number="12" hits="5" branch="false"/>
						<line number="13" hits="5" branch="false"/>
						<line number="14" hits="5" branch="false"/>
						<line number="17" hits="5" branch="false"/>
					</lines>
				</class>
				<class name="org.panopticode.Metric" filename="org/panopticode/Metric.java" line-rate="1.0" branch-rate="1.0" complexity="1.0">
					<methods>
						<method name="&lt;init&gt;" signature="(Lorg/panopticode/MetricDeclaration;)V" line-rate="1.0" branch-rate="1.0" complexity="0">
							<lines>
								<line number="31" hits="1833" branch="false"/>
								<line number="32" hits="1833" branch="false"/>
								<line number="34" hits="1832" branch="false"/>
								<line number="35" hits="1832" branch="false"/>
							</lines>
						</method>
						<method name="getMetricDeclaration" signature="()Lorg/panopticode/MetricDeclaration;" line-rate="1.0" branch-rate="1.0" complexity="0">
							<lines>
								<line number="40" hits="1631" branch="false"/>
							</lines>
						</method>
						<method name="getName" signature="()Ljava/lang/String;" line-rate="1.0" branch-rate="1.0" complexity="0">
							<lines>
								<line number="44" hits="8429" branch="false"/>
							</lines>
						</method>
						<method name="toXML" signature="(Lorg/dom4j/Element;)V" line-rate="1.0" branch-rate="1.0" complexity="0">
							<lines>
								<line number="52" hits="6" branch="false"/>
								<line number="54" hits="6" branch="false"/>
								<line number="55" hits="6" branch="false"/>
								<line number="56" hits="6" branch="false"/>
							</lines>
						</method>
					</methods>
					<lines>
						<line number="31" hits="1833" branch="false"/>
						<line number="32" hits="1833" branch="false"/>
						<line number="34" hits="1832" branch="false"/>
						<line number="35" hits="1832" branch="false"/>
						<line number="40" hits="1631" branch="false"/>
						<line number="44" hits="8429" branch="false"/>
						<line number="52" hits="6" branch="false"/>
						<line number="54" hits="6" branch="false"/>
						<line number="55" hits="6" branch="false"/>
						<line number="56" hits="6" branch="false"/>
					</lines>
				</class>
				<class name="org.panopticode.MetricDeclaration" filename="org/panopticode/MetricDeclaration.java" line-rate="1.0" branch-rate="1.0" complexity="1.3529411764705883">
					<methods>
						<method name="&lt;init&gt;" signature="(Lorg/panopticode/Supplement;Ljava/lang/String;)V" line-rate="1.0" branch-rate="1.0" complexity="0">
							<lines>
								<line number="35" hits="269" branch="false"/>
								<line number="37" hits="269" branch="false"/>
								<line number="38" hits="269" branch="false"/>
								<line number="39" hits="269" branch="false"/>
								<line number="40" hits="269" branch="false"/>
							</lines>
						</method>
						<method name="access$000" signature="(Lorg/panopticode/MetricDeclaration;)Ljava/lang/String;" line-rate="1.0" branch-rate="1.0" complexity="0">
							<lines>
							</lines>
						</method>
						<method name="access$100" signature="(Lorg/panopticode/MetricDeclaration;)Ljava/lang/String;" line-rate="1.0" branch-rate="1.0" complexity="0">
							<lines>
							</lines>
						</method>
						<method name="access$200" signature="(Lorg/panopticode/MetricDeclaration;)Ljava/util/Collection;" line-rate="1.0" branch-rate="1.0" complexity="0">
							<lines>
								<line number="31" hits="11" branch="false"/>
							</lines>
						</method>
						<method name="addLevel" signature="(Lorg/panopticode/Level;)V" line-rate="1.0" branch-rate="1.0" complexity="0">
							<lines>
								<line number="55" hits="268" branch="false"/>
								<line number="56" hits="268" branch="false"/>
							</lines>
						</method>
						<method name="getDescription" signature="()Ljava/lang/String;" line-rate="1.0" branch-rate="1.0" complexity="0">
							<lines>
								<line number="43" hits="12" branch="false"/>
							</lines>
						</method>
						<method name="getName" signature="()Ljava/lang/String;" line-rate="1.0" branch-rate="1.0" complexity="0">
							<lines>
								<line number="47" hits="12066" branch="false"/>
							</lines>
						</method>
						<method name="getSource" signature="()Lorg/panopticode/Supplement;" line-rate="1.0" branch-rate="1.0" complexity="0">
							<lines>
								<line number="51" hits="1" branch="false"/>
							</lines>
						</method>
						<method name="isLevel" signature="(Lorg/panopticode/Level;)Z" line-rate="1.0" branch-rate="1.0" complexity="0">
							<lines>
								<line number="59" hits="7002" branch="false"/>
							</lines>
						</method>
						<method name="loadAllMetricsFromXML" signature="(Lorg/dom4j/Element;Lorg/panopticode/MetricTarget;Lorg/panopticode/PanopticodeProject;)V" line-rate="1.0" branch-rate="1.0" complexity="0">
							<lines>
								<line number="79" hits="507" branch="false"/>
								<line number="81" hits="507" branch="true" condition-coverage="100% (2/2)">
									<conditions>
										<condition number="0" type="jump" coverage="100%"/>
									</conditions>
								</line>
								<line number="82" hits="1826" branch="false"/>
								<line number="83" hits="1826" branch="false"/>
								<line number="85" hits="507" branch="true" condition-coverage="100% (2/2)">
									<conditions>
										<condition number="0" type="jump" coverage="100%"/>
									</conditions>
								</line>
								<line number="86" hits="1757" branch="false"/>
								<line number="87" hits="1757" branch="false"/>
								<line number="88" hits="1757" branch="false"/>
								<line number="89" hits="1757" branch="true" condition-coverage="100% (2/2)">
									<conditions>
										<condition number="0" type="jump" coverage="100%"/>
									</conditions>
								</line>
								<line number="90" hits="1756" branch="false"/>
								<line number="92" hits="1757" branch="false"/>
								<line number="93" hits="507" branch="false"/>
							</lines>
						</method>
						<method name="setDescription" signature="(Ljava/lang/String;)V" line-rate="1.0" branch-rate="1.0" complexity="0">
							<lines>
								<line number="65" hits="146" branch="false"/>
								<line number="66" hits="146" branch="false"/>
							</lines>
						</method>
						<method name="toXML" signature="(Lorg/dom4j/Element;)V" line-rate="1.0" branch-rate="1.0" complexity="0">
							<lines>
								<line number="69" hits="3" branch="false"/>
								<line number="71" hits="3" branch="false"/>
								<line number="73" hits="3" branch="false"/>
								<line number="74" hits="3" branch="false"/>
							</lines>
						</method>
					</methods>
					<lines>
						<line number="31" hits="11" branch="false"/>
						<line number="35" hits="269" branch="false"/>
						<line number="37" hits="269" branch="false"/>
						<line number="38" hits="269" branch="false"/>
						<line number="39" hits="269" branch="false"/>
						<line number="40" hits="269" branch="false"/>
						<line number="43" hits="12" branch="false"/>
						<line number="47" hits="12066" branch="false"/>
						<line number="51" hits="1" branch="false"/>
						<line number="55" hits="268" branch="false"/>
						<line number="56" hits="268" branch="false"/>
						<line number="59" hits="7002" branch="false"/>
						<line number="65" hits="146" branch="false"/>
						<line number="66" hits="146" branch="false"/>
						<line number="69" hits="3" branch="false"/>
						<line number="71" hits="3" branch="false"/>
						<line number="73" hits="3" branch="false"/>
						<line number="74" hits="3" branch="false"/>
						<line number="79" hits="507" branch="false"/>
						<line number="81" hits="507" branch="true" condition-coverage="100% (2/2)">
							<conditions>
								<condition number="0" type="jump" coverage="100%"/>
							</conditions>
						</line>
						<line number="82" hits="1826" branch="false"/>
						<line number="83" hits="1826" branch="false"/>
						<line number="85" hits="507" branch="true" condition-coverage="100% (2/2)">
							<conditions>
								<condition number="0" type="jump" coverage="100%"/>
							</conditions>
						</line>
						<line number="86" hits="1757" branch="false"/>
						<line number="87" hits="1757" branch="false"/>
						<line number="88" hits="1757" branch="false"/>
						<line number="89" hits="1757" branch="true" condition-coverage="100% (2/2)">
							<conditions>
								<condition number="0" type="jump" coverage="100%"/>
							</conditions>
						</line>
						<line number="90" hits="1756" branch="false"/>
						<line number="92" hits="1757" branch="false"/>
						<line number="93" hits="507" branch="false"/>
					</lines>
				</class>
				<class name="org.panopticode.MetricDeclaration$XMLRenderer" filename="org/panopticode/MetricDeclaration.java" line-rate="1.0" branch-rate="0.8333333333333334" complexity="1.3529411764705883">
					<methods>
						<method name="&lt;init&gt;" signature="(Lorg/panopticode/MetricDeclaration;Lorg/dom4j/Element;)V" line-rate="1.0" branch-rate="1.0" complexity="0">
							<lines>
								<line number="98" hits="3" branch="false"/>
								<line number="99" hits="3" branch="false"/>
								<line number="100" hits="3" branch="false"/>
							</lines>
						</method>
						<method name="addDescription" signature="()V" line-rate="1.0" branch-rate="0.75" complexity="0">
							<lines>
								<line number="103" hits="3" branch="true" condition-coverage="75% (3/4)">
									<conditions>
										<condition number="0" type="jump" coverage="100%"/>
										<condition number="1" type="jump" coverage="50%"/>
									</conditions>
								</line>
								<line number="104" hits="1" branch="false"/>
								<line number="106" hits="3" branch="false"/>
							</lines>
						</method>
						<method name="addName" signature="()V" line-rate="1.0" branch-rate="1.0" complexity="0">
							<lines>
								<line number="109" hits="3" branch="false"/>
								<line number="110" hits="3" branch="false"/>
							</lines>
						</method>
						<method name="addScoping" signature="()V" line-rate="1.0" branch-rate="1.0" complexity="0">
							<lines>
								<line number="117" hits="3" branch="true" condition-coverage="100% (2/2)">
									<conditions>
										<condition number="0" type="jump" coverage="100%"/>
									</conditions>
								</line>
								<line number="118" hits="5" branch="false"/>
								<line number="119" hits="5" branch="false"/>
								<line number="120" hits="3" branch="false"/>
							</lines>
						</method>
						<method name="addType" signature="()V" line-rate="1.0" branch-rate="1.0" complexity="0">
							<lines>
								<line number="113" hits="3" branch="false"/>
								<line number="114" hits="3" branch="false"/>
							</lines>
						</method>
						<method name="render" signature="()V" line-rate="1.0" branch-rate="1.0" complexity="0">
							<lines>
								<line number="123" hits="3" branch="false"/>
								<line number="124" hits="3" branch="false"/>
								<line number="125" hits="3" branch="false"/>
								<line number="126" hits="3" branch="false"/>
								<line number="127" hits="3" branch="false"/>
							</lines>
						</method>
					</methods>
					<lines>
						<line number="98" hits="3" branch="false"/>
						<line number="99" hits="3" branch="false"/>
						<line number="100" hits="3" branch="false"/>
						<line number="103" hits="3" branch="true" condition-coverage="75% (3/4)">
							<conditions>
								<condition number="0" type="jump" coverage="100%"/>
								<condition number="1" type="jump" coverage="50%"/>
							</conditions>
						</line>
						<line number="104" hits="1" branch="false"/>
						<line number="106" hits="3" branch="false"/>
						<line number="109" hits="3" branch="false"/>
						<line number="110" hits="3" branch="false"/>
						<line number="113" hits="3" branch="false"/>
						<line number="114" hits="3" branch="false"/>
						<line number="117" hits="3" branch="true" condition-coverage="100% (2/2)">
							<conditions>
								<condition number="0" type="jump" coverage="100%"/>
							</conditions>
						</line>
						<line number="118" hits="5" branch="false"/>
						<line number="119" hits="5" branch="false"/>
						<line number="120" hits="3" branch="false"/>
						<line number="123" hits="3" branch="false"/>
						<line number="124" hits="3" branch="false"/>
						<line number="125" hits="3" branch="false"/>
						<line number="126" hits="3" branch="false"/>
						<line number="127" hits="3" branch="false"/>
					</lines>
				</class>
				<class name="org.panopticode.MetricTarget" filename="org/panopticode/MetricTarget.java" line-rate="1.0" branch-rate="1.0" complexity="1.0">
					<methods>
					</methods>
					<lines>
					</lines>
				</class>
				<class name="org.panopticode.PanopticodeArgument" filename="org/panopticode/PanopticodeArgument.java" line-rate="1.0" branch-rate="0.9545454545454546" complexity="2.0">
					<methods>
						<method name="&lt;init&gt;" signature="(Ljava/lang/String;Ljava/lang/String;Ljava/lang/String;)V" line-rate="1.0" branch-rate="1.0" complexity="0">
							<lines>
								<line number="32" hits="471" branch="false"/>
								<line number="33" hits="471" branch="false"/>
								<line number="35" hits="471" branch="false"/>
								<line number="36" hits="471" branch="false"/>
								<line number="37" hits="467" branch="false"/>
								<line number="38" hits="463" branch="false"/>
								<line number="40" hits="463" branch="false"/>
								<line number="41" hits="463" branch="false"/>
								<line number="42" hits="463" branch="false"/>
								<line number="43" hits="463" branch="false"/>
							</lines>
						</method>
						<method name="equals" signature="(Ljava/lang/Object;)Z" line-rate="1.0" branch-rate="0.9166666666666666" complexity="0">
							<lines>
								<line number="67" hits="16" branch="true" condition-coverage="100% (2/2)">
									<conditions>
										<condition number="0" type="jump" coverage="100%"/>
									</conditions>
								</line>
								<line number="68" hits="4" branch="false"/>
								<line number="71" hits="12" branch="true" condition-coverage="100% (4/4)">
									<conditions>
										<condition number="0" type="jump" coverage="100%"/>
										<condition number="1" type="jump" coverage="100%"/>
									</conditions>
								</line>
								<line number="72" hits="6" branch="false"/>
								<line number="75" hits="6" branch="false"/>
								<line number="77" hits="6" branch="true" condition-coverage="83% (5/6)">
									<conditions>
										<condition number="0" type="jump" coverage="100%"/>
										<condition number="1" type="jump" coverage="100%"/>
										<condition number="2" type="jump" coverage="50%"/>
									</conditions>
								</line>
								<line number="78" hits="1" branch="false"/>
								<line number="81" hits="5" branch="false"/>
							</lines>
						</method>
						<method name="fromXML" signature="(Lorg/dom4j/Element;)Lorg/panopticode/PanopticodeArgument;" line-rate="1.0" branch-rate="1.0" complexity="0">
							<lines>
								<line number="137" hits="422" branch="false"/>
								<line number="138" hits="422" branch="false"/>
								<line number="139" hits="422" branch="false"/>
								<line number="141" hits="422" branch="false"/>
								<line number="143" hits="422" branch="true" condition-coverage="100% (2/2)">
									<conditions>
										<condition number="0" type="jump" coverage="100%"/>
									</conditions>
								</line>
								<line number="144" hits="16" branch="false"/>
								<line number="147" hits="422" branch="true" condition-coverage="100% (2/2)">
									<conditions>
										<condition number="0" type="jump" coverage="100%"/>
									</conditions>
								</line>
								<line number="148" hits="1" branch="false"/>
								<line number="151" hits="422" branch="false"/>
							</lines>
						</method>
						<method name="getFullyQualifiedType" signature="()Ljava/lang/String;" line-rate="1.0" branch-rate="1.0" complexity="0">
							<lines>
								<line number="89" hits="7" branch="false"/>
							</lines>
						</method>
						<method name="getName" signature="()Ljava/lang/String;" line-rate="1.0" branch-rate="1.0" complexity="0">
							<lines>
								<line number="85" hits="4" branch="false"/>
							</lines>
						</method>
						<method name="getSimpleType" signature="()Ljava/lang/String;" line-rate="1.0" branch-rate="1.0" complexity="0">
							<lines>
								<line number="46" hits="5762" branch="false"/>
							</lines>
						</method>
						<method name="hashCode" signature="()I" line-rate="1.0" branch-rate="1.0" complexity="0">
							<lines>
								<line number="94" hits="12" branch="true" condition-coverage="100% (2/2)">
									<conditions>
										<condition number="0" type="jump" coverage="100%"/>
									</conditions>
								</line>
								<line number="95" hits="12" branch="false"/>
								<line number="96" hits="12" branch="false"/>
							</lines>
						</method>
						<method name="isParameterizedType" signature="()Z" line-rate="1.0" branch-rate="1.0" complexity="0">
							<lines>
								<line number="50" hits="5" branch="false"/>
							</lines>
						</method>
						<method name="isVarArg" signature="()Z" line-rate="1.0" branch-rate="1.0" complexity="0">
							<lines>
								<line number="100" hits="8" branch="false"/>
							</lines>
						</method>
						<method name="setParameterizedType" signature="(Z)V" line-rate="1.0" branch-rate="1.0" complexity="0">
							<lines>
								<line number="54" hits="19" branch="false"/>
								<line number="55" hits="19" branch="false"/>
							</lines>
						</method>
						<method name="setParentMethod" signature="(Lorg/panopticode/PanopticodeMethod;)V" line-rate="1.0" branch-rate="1.0" complexity="0">
							<lines>
								<line number="104" hits="448" branch="false"/>
								<line number="106" hits="447" branch="false"/>
								<line number="107" hits="447" branch="false"/>
							</lines>
						</method>
						<method name="setVarArg" signature="(Z)V" line-rate="1.0" branch-rate="1.0" complexity="0">
							<lines>
								<line number="128" hits="5" branch="false"/>
								<line number="129" hits="5" branch="false"/>
							</lines>
						</method>
						<method name="toXML" signature="(Lorg/dom4j/Element;)V" line-rate="1.0" branch-rate="1.0" complexity="0">
							<lines>
								<line number="110" hits="4" branch="false"/>
								<line number="112" hits="4" branch="false"/>
								<line number="114" hits="4" branch="false"/>
								<line number="115" hits="4" branch="false"/>
								<line number="116" hits="4" branch="false"/>
								<line number="118" hits="4" branch="true" condition-coverage="100% (2/2)">
									<conditions>
										<condition number="0" type="jump" coverage="100%"/>
									</conditions>
								</line>
								<line number="119" hits="1" branch="false"/>
								<line number="122" hits="4" branch="true" condition-coverage="100% (2/2)">
									<conditions>
										<condition number="0" type="jump" coverage="100%"/>
									</conditions>
								</line>
								<line number="123" hits="1" branch="false"/>
								<line number="125" hits="4" branch="false"/>
							</lines>
						</method>
					</methods>
					<lines>
						<line number="32" hits="471" branch="false"/>
						<line number="33" hits="471" branch="false"/>
						<line number="35" hits="471" branch="false"/>
						<line number="36" hits="471" branch="false"/>
						<line number="37" hits="467" branch="false"/>
						<line number="38" hits="463" branch="false"/>
						<line number="40" hits="463" branch="false"/>
						<line number="41" hits="463" branch="false"/>
						<line number="42" hits="463" branch="false"/>
						<line number="43" hits="463" branch="false"/>
						<line number="46" hits="5762" branch="false"/>
						<line number="50" hits="5" branch="false"/>
						<line number="54" hits="19" branch="false"/>
						<line number="55" hits="19" branch="false"/>
						<line number="67" hits="16" branch="true" condition-coverage="100% (2/2)">
							<conditions>
								<condition number="0" type="jump" coverage="100%"/>
							</conditions>
						</line>
						<line number="68" hits="4" branch="false"/>
						<line number="71" hits="12" branch="true" condition-coverage="100% (4/4)">
							<conditions>
								<condition number="0" type="jump" coverage="100%"/>
								<condition number="1" type="jump" coverage="100%"/>
							</conditions>
						</line>
						<line number="72" hits="6" branch="false"/>
						<line number="75" hits="6" branch="false"/>
						<line number="77" hits="6" branch="true" condition-coverage="83% (5/6)">
							<conditions>
								<condition number="0" type="jump" coverage="100%"/>
								<condition number="1" type="jump" coverage="100%"/>
								<condition number="2" type="jump" coverage="50%"/>
							</conditions>
						</line>
						<line number="78" hits="1" branch="false"/>
						<line number="81" hits="5" branch="false"/>
						<line number="85" hits="4" branch="false"/>
						<line number="89" hits="7" branch="false"/>
						<line number="94" hits="12" branch="true" condition-coverage="100% (2/2)">
							<conditions>
								<condition number="0" type="jump" coverage="100%"/>
							</conditions>
						</line>
						<line number="95" hits="12" branch="false"/>
						<line number="96" hits="12" branch="false"/>
						<line number="100" hits="8" branch="false"/>
						<line number="104" hits="448" branch="false"/>
						<line number="106" hits="447" branch="false"/>
						<line number="107" hits="447" branch="false"/>
						<line number="110" hits="4" branch="false"/>
						<line number="112" hits="4" branch="false"/>
						<line number="114" hits="4" branch="false"/>
						<line number="115" hits="4" branch="false"/>
						<line number="116" hits="4" branch="false"/>
						<line number="118" hits="4" branch="true" condition-coverage="100% (2/2)">
							<conditions>
								<condition number="0" type="jump" coverage="100%"/>
							</conditions>
						</line>
						<line number="119" hits="1" branch="false"/>
						<line number="122" hits="4" branch="true" condition-coverage="100% (2/2)">
							<conditions>
								<condition number="0" type="jump" coverage="100%"/>
							</conditions>
						</line>
						<line number="123" hits="1" branch="false"/>
						<line number="125" hits="4" branch="false"/>
						<line number="128" hits="5" branch="false"/>
						<line number="129" hits="5" branch="false"/>
						<line number="137" hits="422" branch="false"/>
						<line number="138" hits="422" branch="false"/>
						<line number="139" hits="422" branch="false"/>
						<line number="141" hits="422" branch="false"/>
						<line number="143" hits="422" branch="true" condition-coverage="100% (2/2)">
							<conditions>
								<condition number="0" type="jump" coverage="100%"/>
							</conditions>
						</line>
						<line number="144" hits="16" branch="false"/>
						<line number="147" hits="422" branch="true" condition-coverage="100% (2/2)">
							<conditions>
								<condition number="0" type="jump" coverage="100%"/>
							</conditions>
						</line>
						<line number="148" hits="1" branch="false"/>
						<line number="151" hits="422" branch="false"/>
					</lines>
				</class>
				<class name="org.panopticode.PanopticodeClass" filename="org/panopticode/PanopticodeClass.java" line-rate="1.0" branch-rate="0.9722222222222222" complexity="1.6774193548387097">
					<methods>
						<method name="&lt;init&gt;" signature="(Lorg/panopticode/PanopticodeFile;Ljava/lang/String;II)V" line-rate="1.0" branch-rate="1.0" complexity="0">
							<lines>
								<line number="29" hits="146" branch="false"/>
								<line number="30" hits="146" branch="false"/>
								<line number="31" hits="146" branch="false"/>
								<line number="34" hits="146" branch="false"/>
								<line number="35" hits="146" branch="false"/>
								<line number="36" hits="146" branch="false"/>
								<line number="37" hits="146" branch="false"/>
								<line number="39" hits="146" branch="false"/>
								<line number="40" hits="146" branch="false"/>
								<line number="41" hits="145" branch="false"/>
								<line number="43" hits="141" branch="false"/>
								<line number="44" hits="141" branch="false"/>
								<line number="45" hits="141" branch="false"/>
								<line number="46" hits="141" branch="false"/>
								<line number="47" hits="141" branch="false"/>
							</lines>
						</method>
						<method name="addMethod" signature="(Lorg/panopticode/PanopticodeMethod;)V" line-rate="1.0" branch-rate="1.0" complexity="0">
							<lines>
								<line number="166" hits="414" branch="true" condition-coverage="100% (2/2)">
									<conditions>
										<condition number="0" type="jump" coverage="100%"/>
									</conditions>
								</line>
								<line number="167" hits="6" branch="false"/>
								<line number="168" hits="408" branch="false"/>
								<line number="169" hits="408" branch="false"/>
								<line number="170" hits="408" branch="false"/>
								<line number="171" hits="408" branch="false"/>
								<line number="172" hits="408" branch="false"/>
							</lines>
						</method>
						<method name="addMetric" signature="(Lorg/panopticode/Metric;)V" line-rate="1.0" branch-rate="1.0" complexity="0">
							<lines>
								<line number="200" hits="190" branch="true" condition-coverage="100% (2/2)">
									<conditions>
										<condition number="0" type="jump" coverage="100%"/>
									</conditions>
								</line>
								<line number="201" hits="189" branch="false"/>
								<line number="202" hits="190" branch="false"/>
							</lines>
						</method>
						<method name="createAndAddMethod" signature="(Ljava/lang/String;Ljava/util/List;II)Lorg/panopticode/PanopticodeMethod;" line-rate="1.0" branch-rate="1.0" complexity="0">
							<lines>
								<line number="155" hits="21" branch="false"/>
								<line number="157" hits="21" branch="true" condition-coverage="100% (2/2)">
									<conditions>
										<condition number="0" type="jump" coverage="100%"/>
									</conditions>
								</line>
								<line number="158" hits="20" branch="false"/>
								<line number="159" hits="20" branch="false"/>
								<line number="162" hits="21" branch="false"/>
							</lines>
						</method>
						<method name="fromXML" signature="(Lorg/dom4j/Element;Lorg/panopticode/PanopticodeFile;Lorg/panopticode/PanopticodeProject;)Lorg/panopticode/PanopticodeClass;" line-rate="1.0" branch-rate="1.0" complexity="0">
							<lines>
								<line number="128" hits="51" branch="false"/>
								<line number="129" hits="51" branch="false"/>
								<line number="130" hits="51" branch="false"/>
								<line number="131" hits="51" branch="false"/>
								<line number="133" hits="51" branch="false"/>
								<line number="134" hits="51" branch="false"/>
								<line number="135" hits="51" branch="false"/>
								<line number="136" hits="51" branch="false"/>
								<line number="137" hits="51" branch="false"/>
								<line number="139" hits="51" branch="true" condition-coverage="100% (2/2)">
									<conditions>
										<condition number="0" type="jump" coverage="100%"/>
									</conditions>
								</line>
								<line number="140" hits="394" branch="false"/>
								<line number="141" hits="394" branch="false"/>
								<line number="142" hits="394" branch="false"/>
								<line number="144" hits="51" branch="false"/>
								<line number="146" hits="51" branch="false"/>
							</lines>
						</method>
						<method name="getChildren" signature="()Ljava/util/Collection;" line-rate="1.0" branch-rate="1.0" complexity="0">
							<lines>
								<line number="205" hits="4" branch="false"/>
							</lines>
						</method>
						<method name="getFullyQualifiedName" signature="()Ljava/lang/String;" line-rate="1.0" branch-rate="1.0" complexity="0">
							<lines>
								<line number="78" hits="36" branch="true" condition-coverage="100% (2/2)">
									<conditions>
										<condition number="0" type="jump" coverage="100%"/>
									</conditions>
								</line>
								<line number="79" hits="12" branch="false"/>
								<line number="81" hits="24" branch="false"/>
							</lines>
						</method>
						<method name="getLevel" signature="()Lorg/panopticode/Level;" line-rate="1.0" branch-rate="1.0" complexity="0">
							<lines>
								<line number="209" hits="53" branch="false"/>
							</lines>
						</method>
						<method name="getMethodByNameAndArguments" signature="(Ljava/lang/String;Ljava/util/List;)Lorg/panopticode/PanopticodeMethod;" line-rate="1.0" branch-rate="1.0" complexity="0">
							<lines>
								<line number="187" hits="21" branch="false"/>
								<line number="189" hits="21" branch="true" condition-coverage="100% (2/2)">
									<conditions>
										<condition number="0" type="jump" coverage="100%"/>
									</conditions>
								</line>
								<line number="190" hits="19" branch="false"/>
								<line number="192" hits="2" branch="true" condition-coverage="100% (2/2)">
									<conditions>
										<condition number="0" type="jump" coverage="100%"/>
									</conditions>
								</line>
								<line number="193" hits="3" branch="true" condition-coverage="100% (2/2)">
									<conditions>
										<condition number="0" type="jump" coverage="100%"/>
									</conditions>
								</line>
								<line number="194" hits="1" branch="false"/>
								<line number="196" hits="1" branch="false"/>
							</lines>
						</method>
						<method name="getMethods" signature="()Ljava/util/List;" line-rate="1.0" branch-rate="1.0" complexity="0">
							<lines>
								<line number="70" hits="71" branch="false"/>
							</lines>
						</method>
						<method name="getMetricByName" signature="(Ljava/lang/String;)Lorg/panopticode/Metric;" line-rate="1.0" branch-rate="1.0" complexity="0">
							<lines>
								<line number="225" hits="20" branch="false"/>
							</lines>
						</method>
						<method name="getMetrics" signature="()Ljava/util/Collection;" line-rate="1.0" branch-rate="1.0" complexity="0">
							<lines>
								<line number="245" hits="391" branch="false"/>
							</lines>
						</method>
						<method name="getName" signature="()Ljava/lang/String;" line-rate="1.0" branch-rate="1.0" complexity="0">
							<lines>
								<line number="74" hits="590" branch="false"/>
							</lines>
						</method>
						<method name="getOrCreateMethodListByName" signature="(Ljava/lang/String;)Ljava/util/List;" line-rate="1.0" branch-rate="1.0" complexity="0">
							<lines>
								<line number="175" hits="408" branch="true" condition-coverage="100% (2/2)">
									<conditions>
										<condition number="0" type="jump" coverage="100%"/>
									</conditions>
								</line>
								<line number="176" hits="9" branch="false"/>
								<line number="178" hits="399" branch="false"/>
								<line number="179" hits="399" branch="false"/>
								<line number="180" hits="399" branch="false"/>
							</lines>
						</method>
						<method name="getPackage" signature="()Lorg/panopticode/PanopticodePackage;" line-rate="1.0" branch-rate="1.0" complexity="0">
							<lines>
								<line number="221" hits="60" branch="false"/>
							</lines>
						</method>
						<method name="getParent" signature="()Lorg/panopticode/MetricTarget;" line-rate="1.0" branch-rate="1.0" complexity="0">
							<lines>
								<line number="249" hits="383" branch="false"/>
							</lines>
						</method>
						<method name="getParentFile" signature="()Lorg/panopticode/PanopticodeFile;" line-rate="1.0" branch-rate="1.0" complexity="0">
							<lines>
								<line number="66" hits="35" branch="false"/>
							</lines>
						</method>
						<method name="getPositionColumn" signature="()I" line-rate="1.0" branch-rate="1.0" complexity="0">
							<lines>
								<line number="85" hits="6" branch="false"/>
							</lines>
						</method>
						<method name="getPositionLine" signature="()I" line-rate="1.0" branch-rate="1.0" complexity="0">
							<lines>
								<line number="89" hits="6" branch="false"/>
							</lines>
						</method>
						<method name="isAbstract" signature="()Z" line-rate="1.0" branch-rate="1.0" complexity="0">
							<lines>
								<line number="62" hits="3" branch="false"/>
							</lines>
						</method>
						<method name="isAnonymousInnerClass" signature="()Z" line-rate="1.0" branch-rate="1.0" complexity="0">
							<lines>
								<line number="213" hits="2" branch="true" condition-coverage="100% (2/2)">
									<conditions>
										<condition number="0" type="jump" coverage="100%"/>
									</conditions>
								</line>
							</lines>
						</method>
						<method name="isEnum" signature="()Z" line-rate="1.0" branch-rate="1.0" complexity="0">
							<lines>
								<line number="54" hits="27" branch="false"/>
							</lines>
						</method>
						<method name="isInnerClass" signature="()Z" line-rate="1.0" branch-rate="0.75" complexity="0">
							<lines>
								<line number="217" hits="10" branch="true" condition-coverage="75% (3/4)">
									<conditions>
										<condition number="0" type="jump" coverage="100%"/>
										<condition number="1" type="jump" coverage="50%"/>
									</conditions>
								</line>
							</lines>
						</method>
						<method name="isInterface" signature="()Z" line-rate="1.0" branch-rate="1.0" complexity="0">
							<lines>
								<line number="233" hits="18" branch="false"/>
							</lines>
						</method>
						<method name="isLevel" signature="(Lorg/panopticode/Level;)Z" line-rate="1.0" branch-rate="1.0" complexity="0">
							<lines>
								<line number="253" hits="1" branch="false"/>
							</lines>
						</method>
						<method name="isStatic" signature="()Z" line-rate="1.0" branch-rate="1.0" complexity="0">
							<lines>
								<line number="237" hits="3" branch="false"/>
							</lines>
						</method>
						<method name="setAbstract" signature="(Z)V" line-rate="1.0" branch-rate="1.0" complexity="0">
							<lines>
								<line number="58" hits="57" branch="false"/>
								<line number="59" hits="57" branch="false"/>
							</lines>
						</method>
						<method name="setEnum" signature="(Z)V" line-rate="1.0" branch-rate="1.0" complexity="0">
							<lines>
								<line number="50" hits="62" branch="false"/>
								<line number="51" hits="62" branch="false"/>
							</lines>
						</method>
						<method name="setInterface" signature="(Z)V" line-rate="1.0" branch-rate="1.0" complexity="0">
							<lines>
								<line number="229" hits="62" branch="false"/>
								<line number="230" hits="62" branch="false"/>
							</lines>
						</method>
						<method name="setStatic" signature="(Z)V" line-rate="1.0" branch-rate="1.0" complexity="0">
							<lines>
								<line number="241" hits="57" branch="false"/>
								<line number="242" hits="57" branch="false"/>
							</lines>
						</method>
						<method name="toXML" signature="(Lorg/dom4j/Element;)V" line-rate="1.0" branch-rate="1.0" complexity="0">
							<lines>
								<line number="93" hits="6" branch="false"/>
								<line number="95" hits="6" branch="false"/>
								<line number="97" hits="6" branch="false"/>
								<line number="99" hits="6" branch="true" condition-coverage="100% (2/2)">
									<conditions>
										<condition number="0" type="jump" coverage="100%"/>
									</conditions>
								</line>
								<line number="100" hits="1" branch="false"/>
								<line number="101" hits="6" branch="true" condition-coverage="100% (2/2)">
									<conditions>
										<condition number="0" type="jump" coverage="100%"/>
									</conditions>
								</line>
								<line number="102" hits="1" branch="false"/>
								<line number="103" hits="6" branch="true" condition-coverage="100% (2/2)">
									<conditions>
										<condition number="0" type="jump" coverage="100%"/>
									</conditions>
								</line>
								<line number="104" hits="1" branch="false"/>
								<line number="105" hits="6" branch="true" condition-coverage="100% (2/2)">
									<conditions>
										<condition number="0" type="jump" coverage="100%"/>
									</conditions>
								</line>
								<line number="106" hits="1" branch="false"/>
								<line number="108" hits="6" branch="false"/>
								<line number="109" hits="6" branch="false"/>
								<line number="110" hits="6" branch="false"/>
								<line number="112" hits="6" branch="true" condition-coverage="100% (2/2)">
									<conditions>
										<condition number="0" type="jump" coverage="100%"/>
									</conditions>
								</line>
								<line number="113" hits="1" branch="false"/>
								<line number="115" hits="6" branch="true" condition-coverage="100% (2/2)">
									<conditions>
										<condition number="0" type="jump" coverage="100%"/>
									</conditions>
								</line>
								<line number="116" hits="1" branch="false"/>
								<line number="117" hits="6" branch="false"/>
							</lines>
						</method>
					</methods>
					<lines>
						<line number="29" hits="146" branch="false"/>
						<line number="30" hits="146" branch="false"/>
						<line number="31" hits="146" branch="false"/>
						<line number="34" hits="146" branch="false"/>
						<line number="35" hits="146" branch="false"/>
						<line number="36" hits="146" branch="false"/>
						<line number="37" hits="146" branch="false"/>
						<line number="39" hits="146" branch="false"/>
						<line number="40" hits="146" branch="false"/>
						<line number="41" hits="145" branch="false"/>
						<line number="43" hits="141" branch="false"/>
						<line number="44" hits="141" branch="false"/>
						<line number="45" hits="141" branch="false"/>
						<line number="46" hits="141" branch="false"/>
						<line number="47" hits="141" branch="false"/>
						<line number="50" hits="62" branch="false"/>
						<line number="51" hits="62" branch="false"/>
						<line number="54" hits="27" branch="false"/>
						<line number="58" hits="57" branch="false"/>
						<line number="59" hits="57" branch="false"/>
						<line number="62" hits="3" branch="false"/>
						<line number="66" hits="35" branch="false"/>
						<line number="70" hits="71" branch="false"/>
						<line number="74" hits="590" branch="false"/>
						<line number="78" hits="36" branch="true" condition-coverage="100% (2/2)">
							<conditions>
								<condition number="0" type="jump" coverage="100%"/>
							</conditions>
						</line>
						<line number="79" hits="12" branch="false"/>
						<line number="81" hits="24" branch="false"/>
						<line number="85" hits="6" branch="false"/>
						<line number="89" hits="6" branch="false"/>
						<line number="93" hits="6" branch="false"/>
						<line number="95" hits="6" branch="false"/>
						<line number="97" hits="6" branch="false"/>
						<line number="99" hits="6" branch="true" condition-coverage="100% (2/2)">
							<conditions>
								<condition number="0" type="jump" coverage="100%"/>
							</conditions>
						</line>
						<line number="100" hits="1" branch="false"/>
						<line number="101" hits="6" branch="true" condition-coverage="100% (2/2)">
							<conditions>
								<condition number="0" type="jump" coverage="100%"/>
							</conditions>
						</line>
						<line number="102" hits="1" branch="false"/>
						<line number="103" hits="6" branch="true" condition-coverage="100% (2/2)">
							<conditions>
								<condition number="0" type="jump" coverage="100%"/>
							</conditions>
						</line>
						<line number="104" hits="1" branch="false"/>
						<line number="105" hits="6" branch="true" condition-coverage="100% (2/2)">
							<conditions>
								<condition number="0" type="jump" coverage="100%"/>
							</conditions>
						</line>
						<line number="106" hits="1" branch="false"/>
						<line number="108" hits="6" branch="false"/>
						<line number="109" hits="6" branch="false"/>
						<line number="110" hits="6" branch="false"/>
						<line number="112" hits="6" branch="true" condition-coverage="100% (2/2)">
							<conditions>
								<condition number="0" type="jump" coverage="100%"/>
							</conditions>
						</line>
						<line number="113" hits="1" branch="false"/>
						<line number="115" hits="6" branch="true" condition-coverage="100% (2/2)">
							<conditions>
								<condition number="0" type="jump" coverage="100%"/>
							</conditions>
						</line>
						<line number="116" hits="1" branch="false"/>
						<line number="117" hits="6" branch="false"/>
						<line number="128" hits="51" branch="false"/>
						<line number="129" hits="51" branch="false"/>
						<line number="130" hits="51" branch="false"/>
						<line number="131" hits="51" branch="false"/>
						<line number="133" hits="51" branch="false"/>
						<line number="134" hits="51" branch="false"/>
						<line number="135" hits="51" branch="false"/>
						<line number="136" hits="51" branch="false"/>
						<line number="137" hits="51" branch="false"/>
						<line number="139" hits="51" branch="true" condition-coverage="100% (2/2)">
							<conditions>
								<condition number="0" type="jump" coverage="100%"/>
							</conditions>
						</line>
						<line number="140" hits="394" branch="false"/>
						<line number="141" hits="394" branch="false"/>
						<line number="142" hits="394" branch="false"/>
						<line number="144" hits="51" branch="false"/>
						<line number="146" hits="51" branch="false"/>
						<line number="155" hits="21" branch="false"/>
						<line number="157" hits="21" branch="true" condition-coverage="100% (2/2)">
							<conditions>
								<condition number="0" type="jump" coverage="100%"/>
							</conditions>
						</line>
						<line number="158" hits="20" branch="false"/>
						<line number="159" hits="20" branch="false"/>
						<line number="162" hits="21" branch="false"/>
						<line number="166" hits="414" branch="true" condition-coverage="100% (2/2)">
							<conditions>
								<condition number="0" type="jump" coverage="100%"/>
							</conditions>
						</line>
						<line number="167" hits="6" branch="false"/>
						<line number="168" hits="408" branch="false"/>
						<line number="169" hits="408" branch="false"/>
						<line number="170" hits="408" branch="false"/>
						<line number="171" hits="408" branch="false"/>
						<line number="172" hits="408" branch="false"/>
						<line number="175" hits="408" branch="true" condition-coverage="100% (2/2)">
							<conditions>
								<condition number="0" type="jump" coverage="100%"/>
							</conditions>
						</line>
						<line number="176" hits="9" branch="false"/>
						<line number="178" hits="399" branch="false"/>
						<line number="179" hits="399" branch="false"/>
						<line number="180" hits="399" branch="false"/>
						<line number="187" hits="21" branch="false"/>
						<line number="189" hits="21" branch="true" condition-coverage="100% (2/2)">
							<conditions>
								<condition number="0" type="jump" coverage="100%"/>
							</conditions>
						</line>
						<line number="190" hits="19" branch="false"/>
						<line number="192" hits="2" branch="true" condition-coverage="100% (2/2)">
							<conditions>
								<condition number="0" type="jump" coverage="100%"/>
							</conditions>
						</line>
						<line number="193" hits="3" branch="true" condition-coverage="100% (2/2)">
							<conditions>
								<condition number="0" type="jump" coverage="100%"/>
							</conditions>
						</line>
						<line number="194" hits="1" branch="false"/>
						<line number="196" hits="1" branch="false"/>
						<line number="200" hits="190" branch="true" condition-coverage="100% (2/2)">
							<conditions>
								<condition number="0" type="jump" coverage="100%"/>
							</conditions>
						</line>
						<line number="201" hits="189" branch="false"/>
						<line number="202" hits="190" branch="false"/>
						<line number="205" hits="4" branch="false"/>
						<line number="209" hits="53" branch="false"/>
						<line number="213" hits="2" branch="true" condition-coverage="100% (2/2)">
							<conditions>
								<condition number="0" type="jump" coverage="100%"/>
							</conditions>
						</line>
						<line number="217" hits="10" branch="true" condition-coverage="75% (3/4)">
							<conditions>
								<condition number="0" type="jump" coverage="100%"/>
								<condition number="1" type="jump" coverage="50%"/>
							</conditions>
						</line>
						<line number="221" hits="60" branch="false"/>
						<line number="225" hits="20" branch="false"/>
						<line number="229" hits="62" branch="false"/>
						<line number="230" hits="62" branch="false"/>
						<line number="233" hits="18" branch="false"/>
						<line number="237" hits="3" branch="false"/>
						<line number="241" hits="57" branch="false"/>
						<line number="242" hits="57" branch="false"/>
						<line number="245" hits="391" branch="false"/>
						<line number="249" hits="383" branch="false"/>
						<line number="253" hits="1" branch="false"/>
					</lines>
				</class>
				<class name="org.panopticode.PanopticodeFile" filename="org/panopticode/PanopticodeFile.java" line-rate="1.0" branch-rate="1.0" complexity="1.3333333333333333">
					<methods>
						<method name="&lt;init&gt;" signature="(Lorg/panopticode/PanopticodePackage;Ljava/lang/String;Ljava/lang/String;)V" line-rate="1.0" branch-rate="1.0" complexity="0">
							<lines>
								<line number="30" hits="146" branch="false"/>
								<line number="31" hits="146" branch="false"/>
								<line number="32" hits="146" branch="false"/>
								<line number="37" hits="146" branch="false"/>
								<line number="38" hits="146" branch="false"/>
								<line number="39" hits="146" branch="false"/>
								<line number="40" hits="146" branch="false"/>
								<line number="42" hits="146" branch="false"/>
								<line number="43" hits="146" branch="false"/>
								<line number="45" hits="146" branch="true" condition-coverage="100% (2/2)">
									<conditions>
										<condition number="0" type="jump" coverage="100%"/>
									</conditions>
								</line>
								<line number="46" hits="1" branch="false"/>
								<line number="48" hits="145" branch="false"/>
								<line number="51" hits="146" branch="false"/>
								<line number="52" hits="146" branch="false"/>
							</lines>
						</method>
						<method name="addClass" signature="(Lorg/panopticode/PanopticodeClass;)V" line-rate="1.0" branch-rate="1.0" complexity="0">
							<lines>
								<line number="67" hits="76" branch="false"/>
								<line number="68" hits="76" branch="false"/>
								<line number="69" hits="76" branch="false"/>
							</lines>
						</method>
						<method name="addMetric" signature="(Lorg/panopticode/Metric;)V" line-rate="1.0" branch-rate="1.0" complexity="0">
							<lines>
								<line number="139" hits="3" branch="true" condition-coverage="100% (2/2)">
									<conditions>
										<condition number="0" type="jump" coverage="100%"/>
									</conditions>
								</line>
								<line number="140" hits="2" branch="false"/>
								<line number="142" hits="3" branch="false"/>
							</lines>
						</method>
						<method name="createAndAddClass" signature="(Ljava/lang/String;II)Lorg/panopticode/PanopticodeClass;" line-rate="1.0" branch-rate="1.0" complexity="0">
							<lines>
								<line number="57" hits="28" branch="false"/>
								<line number="59" hits="28" branch="true" condition-coverage="100% (2/2)">
									<conditions>
										<condition number="0" type="jump" coverage="100%"/>
									</conditions>
								</line>
								<line number="60" hits="27" branch="false"/>
								<line number="63" hits="28" branch="false"/>
							</lines>
						</method>
						<method name="fromXML" signature="(Lorg/dom4j/Element;Lorg/panopticode/PanopticodePackage;Lorg/panopticode/PanopticodeProject;)Lorg/panopticode/PanopticodeFile;" line-rate="1.0" branch-rate="1.0" complexity="0">
							<lines>
								<line number="111" hits="46" branch="false"/>
								<line number="112" hits="46" branch="false"/>
								<line number="114" hits="46" branch="false"/>
								<line number="116" hits="46" branch="true" condition-coverage="100% (2/2)">
									<conditions>
										<condition number="0" type="jump" coverage="100%"/>
									</conditions>
								</line>
								<line number="117" hits="49" branch="false"/>
								<line number="120" hits="49" branch="false"/>
								<line number="121" hits="49" branch="false"/>
								<line number="123" hits="46" branch="false"/>
								<line number="125" hits="46" branch="false"/>
							</lines>
						</method>
						<method name="getChildren" signature="()Ljava/util/Collection;" line-rate="1.0" branch-rate="1.0" complexity="0">
							<lines>
								<line number="145" hits="4" branch="false"/>
							</lines>
						</method>
						<method name="getClasses" signature="()Ljava/util/List;" line-rate="1.0" branch-rate="1.0" complexity="0">
							<lines>
								<line number="72" hits="62" branch="false"/>
							</lines>
						</method>
						<method name="getLevel" signature="()Lorg/panopticode/Level;" line-rate="1.0" branch-rate="1.0" complexity="0">
							<lines>
								<line number="149" hits="48" branch="false"/>
							</lines>
						</method>
						<method name="getMethods" signature="()Ljava/util/List;" line-rate="1.0" branch-rate="1.0" complexity="0">
							<lines>
								<line number="129" hits="6" branch="false"/>
								<line number="131" hits="6" branch="true" condition-coverage="100% (2/2)">
									<conditions>
										<condition number="0" type="jump" coverage="100%"/>
									</conditions>
								</line>
								<line number="132" hits="8" branch="false"/>
								<line number="133" hits="8" branch="false"/>
								<line number="135" hits="6" branch="false"/>
							</lines>
						</method>
						<method name="getMetricByName" signature="(Ljava/lang/String;)Lorg/panopticode/Metric;" line-rate="1.0" branch-rate="1.0" complexity="0">
							<lines>
								<line number="153" hits="2" branch="false"/>
							</lines>
						</method>
						<method name="getMetrics" signature="()Ljava/util/Collection;" line-rate="1.0" branch-rate="1.0" complexity="0">
							<lines>
								<line number="157" hits="385" branch="false"/>
							</lines>
						</method>
						<method name="getName" signature="()Ljava/lang/String;" line-rate="1.0" branch-rate="1.0" complexity="0">
							<lines>
								<line number="80" hits="408" branch="false"/>
							</lines>
						</method>
						<method name="getParent" signature="()Lorg/panopticode/MetricTarget;" line-rate="1.0" branch-rate="1.0" complexity="0">
							<lines>
								<line number="161" hits="384" branch="false"/>
							</lines>
						</method>
						<method name="getParentPackage" signature="()Lorg/panopticode/PanopticodePackage;" line-rate="1.0" branch-rate="1.0" complexity="0">
							<lines>
								<line number="76" hits="99" branch="false"/>
							</lines>
						</method>
						<method name="getPath" signature="()Ljava/lang/String;" line-rate="1.0" branch-rate="1.0" complexity="0">
							<lines>
								<line number="84" hits="117" branch="false"/>
							</lines>
						</method>
						<method name="hasClassNamed" signature="(Ljava/lang/String;)Z" line-rate="1.0" branch-rate="1.0" complexity="0">
							<lines>
								<line number="88" hits="28" branch="false"/>
							</lines>
						</method>
						<method name="isLevel" signature="(Lorg/panopticode/Level;)Z" line-rate="1.0" branch-rate="1.0" complexity="0">
							<lines>
								<line number="165" hits="1" branch="false"/>
							</lines>
						</method>
						<method name="toXML" signature="(Lorg/dom4j/Element;)V" line-rate="1.0" branch-rate="1.0" complexity="0">
							<lines>
								<line number="92" hits="3" branch="false"/>
								<line number="94" hits="3" branch="false"/>
								<line number="96" hits="3" branch="false"/>
								<line number="97" hits="3" branch="false"/>
								<line number="99" hits="3" branch="true" condition-coverage="100% (2/2)">
									<conditions>
										<condition number="0" type="jump" coverage="100%"/>
									</conditions>
								</line>
								<line number="100" hits="1" branch="false"/>
								<line number="101" hits="1" branch="false"/>
								<line number="102" hits="3" branch="false"/>
							</lines>
						</method>
					</methods>
					<lines>
						<line number="30" hits="146" branch="false"/>
						<line number="31" hits="146" branch="false"/>
						<line number="32" hits="146" branch="false"/>
						<line number="37" hits="146" branch="false"/>
						<line number="38" hits="146" branch="false"/>
						<line number="39" hits="146" branch="false"/>
						<line number="40" hits="146" branch="false"/>
						<line number="42" hits="146" branch="false"/>
						<line number="43" hits="146" branch="false"/>
						<line number="45" hits="146" branch="true" condition-coverage="100% (2/2)">
							<conditions>
								<condition number="0" type="jump" coverage="100%"/>
							</conditions>
						</line>
						<line number="46" hits="1" branch="false"/>
						<line number="48" hits="145" branch="false"/>
						<line number="51" hits="146" branch="false"/>
						<line number="52" hits="146" branch="false"/>
						<line number="57" hits="28" branch="false"/>
						<line number="59" hits="28" branch="true" condition-coverage="100% (2/2)">
							<conditions>
								<condition number="0" type="jump" coverage="100%"/>
							</conditions>
						</line>
						<line number="60" hits="27" branch="false"/>
						<line number="63" hits="28" branch="false"/>
						<line number="67" hits="76" branch="false"/>
						<line number="68" hits="76" branch="false"/>
						<line number="69" hits="76" branch="false"/>
						<line number="72" hits="62" branch="false"/>
						<line number="76" hits="99" branch="false"/>
						<line number="80" hits="408" branch="false"/>
						<line number="84" hits="117" branch="false"/>
						<line number="88" hits="28" branch="false"/>
						<line number="92" hits="3" branch="false"/>
						<line number="94" hits="3" branch="false"/>
						<line number="96" hits="3" branch="false"/>
						<line number="97" hits="3" branch="false"/>
						<line number="99" hits="3" branch="true" condition-coverage="100% (2/2)">
							<conditions>
								<condition number="0" type="jump" coverage="100%"/>
							</conditions>
						</line>
						<line number="100" hits="1" branch="false"/>
						<line number="101" hits="1" branch="false"/>
						<line number="102" hits="3" branch="false"/>
						<line number="111" hits="46" branch="false"/>
						<line number="112" hits="46" branch="false"/>
						<line number="114" hits="46" branch="false"/>
						<line number="116" hits="46" branch="true" condition-coverage="100% (2/2)">
							<conditions>
								<condition number="0" type="jump" coverage="100%"/>
							</conditions>
						</line>
						<line number="117" hits="49" branch="false"/>
						<line number="120" hits="49" branch="false"/>
						<line number="121" hits="49" branch="false"/>
						<line number="123" hits="46" branch="false"/>
						<line number="125" hits="46" branch="false"/>
						<line number="129" hits="6" branch="false"/>
						<line number="131" hits="6" branch="true" condition-coverage="100% (2/2)">
							<conditions>
								<condition number="0" type="jump" coverage="100%"/>
							</conditions>
						</line>
						<line number="132" hits="8" branch="false"/>
						<line number="133" hits="8" branch="false"/>
						<line number="135" hits="6" branch="false"/>
						<line number="139" hits="3" branch="true" condition-coverage="100% (2/2)">
							<conditions>
								<condition number="0" type="jump" coverage="100%"/>
							</conditions>
						</line>
						<line number="140" hits="2" branch="false"/>
						<line number="142" hits="3" branch="false"/>
						<line number="145" hits="4" branch="false"/>
						<line number="149" hits="48" branch="false"/>
						<line number="153" hits="2" branch="false"/>
						<line number="157" hits="385" branch="false"/>
						<line number="161" hits="384" branch="false"/>
						<line number="165" hits="1" branch="false"/>
					</lines>
				</class>
				<class name="org.panopticode.PanopticodeMethod" filename="org/panopticode/PanopticodeMethod.java" line-rate="0.9809523809523809" branch-rate="0.90625" complexity="1.76">
					<methods>
						<method name="&lt;clinit&gt;" signature="()V" line-rate="1.0" branch-rate="1.0" complexity="0">
							<lines>
								<line number="28" hits="1" branch="false"/>
							</lines>
						</method>
						<method name="&lt;init&gt;" signature="(Ljava/lang/String;Ljava/util/List;II)V" line-rate="1.0" branch-rate="1.0" complexity="0">
							<lines>
								<line number="30" hits="531" branch="false"/>
								<line number="33" hits="531" branch="false"/>
								<line number="37" hits="531" branch="false"/>
								<line number="42" hits="531" branch="false"/>
								<line number="43" hits="531" branch="false"/>
								<line number="44" hits="527" branch="false"/>
								<line number="45" hits="526" branch="false"/>
								<line number="46" hits="523" branch="false"/>
								<line number="48" hits="520" branch="false"/>
								<line number="49" hits="520" branch="false"/>
								<line number="50" hits="520" branch="true" condition-coverage="100% (2/2)">
									<conditions>
										<condition number="0" type="jump" coverage="100%"/>
									</conditions>
								</line>
								<line number="51" hits="443" branch="false"/>
								<line number="52" hits="520" branch="false"/>
								<line number="53" hits="520" branch="false"/>
								<line number="54" hits="520" branch="false"/>
							</lines>
						</method>
						<method name="addMetric" signature="(Lorg/panopticode/Metric;)V" line-rate="1.0" branch-rate="1.0" complexity="0">
							<lines>
								<line number="148" hits="1542" branch="true" condition-coverage="100% (2/2)">
									<conditions>
										<condition number="0" type="jump" coverage="100%"/>
									</conditions>
								</line>
								<line number="149" hits="1541" branch="false"/>
								<line number="150" hits="1542" branch="false"/>
							</lines>
						</method>
						<method name="equals" signature="(Ljava/lang/Object;)Z" line-rate="0.7142857142857143" branch-rate="0.6666666666666666" complexity="0">
							<lines>
								<line number="217" hits="2694" branch="true" condition-coverage="100% (2/2)">
									<conditions>
										<condition number="0" type="jump" coverage="100%"/>
									</conditions>
								</line>
								<line number="218" hits="4" branch="false"/>
								<line number="219" hits="2690" branch="true" condition-coverage="50% (1/2)">
									<conditions>
										<condition number="0" type="jump" coverage="50%"/>
									</conditions>
								</line>
								<line number="220" hits="0" branch="false"/>
								<line number="221" hits="2690" branch="true" condition-coverage="50% (1/2)">
									<conditions>
										<condition number="0" type="jump" coverage="50%"/>
									</conditions>
								</line>
								<line number="222" hits="0" branch="false"/>
								<line number="223" hits="2690" branch="false"/>
							</lines>
						</method>
						<method name="equals" signature="(Lorg/panopticode/PanopticodeMethod;)Z" line-rate="1.0" branch-rate="1.0" complexity="0">
							<lines>
								<line number="227" hits="2690" branch="false"/>
							</lines>
						</method>
						<method name="fromXML" signature="(Lorg/dom4j/Element;Lorg/panopticode/PanopticodeProject;)Lorg/panopticode/PanopticodeMethod;" line-rate="1.0" branch-rate="1.0" complexity="0">
							<lines>
								<line number="130" hits="396" branch="false"/>
								<line number="131" hits="396" branch="false"/>
								<line number="132" hits="396" branch="true" condition-coverage="100% (2/2)">
									<conditions>
										<condition number="0" type="jump" coverage="100%"/>
									</conditions>
								</line>
								<line number="133" hits="420" branch="false"/>
								<line number="134" hits="396" branch="false"/>
								<line number="135" hits="396" branch="false"/>
								<line number="136" hits="396" branch="false"/>
								<line number="138" hits="396" branch="false"/>
								<line number="139" hits="396" branch="false"/>
								<line number="140" hits="396" branch="false"/>
								<line number="142" hits="396" branch="false"/>
								<line number="144" hits="396" branch="false"/>
							</lines>
						</method>
						<method name="getArguments" signature="()Ljava/util/List;" line-rate="1.0" branch-rate="1.0" complexity="0">
							<lines>
								<line number="73" hits="57" branch="false"/>
							</lines>
						</method>
						<method name="getChildren" signature="()Ljava/util/Collection;" line-rate="1.0" branch-rate="1.0" complexity="0">
							<lines>
								<line number="153" hits="1" branch="false"/>
							</lines>
						</method>
						<method name="getFullyQualifiedName" signature="()Ljava/lang/String;" line-rate="1.0" branch-rate="1.0" complexity="0">
							<lines>
								<line number="81" hits="9" branch="false"/>
							</lines>
						</method>
						<method name="getLevel" signature="()Lorg/panopticode/Level;" line-rate="1.0" branch-rate="1.0" complexity="0">
							<lines>
								<line number="157" hits="399" branch="false"/>
							</lines>
						</method>
						<method name="getMetricByName" signature="(Ljava/lang/String;)Lorg/panopticode/Metric;" line-rate="1.0" branch-rate="1.0" complexity="0">
							<lines>
								<line number="161" hits="1235" branch="false"/>
							</lines>
						</method>
						<method name="getMetrics" signature="()Ljava/util/Collection;" line-rate="1.0" branch-rate="1.0" complexity="0">
							<lines>
								<line number="204" hits="385" branch="false"/>
							</lines>
						</method>
						<method name="getName" signature="()Ljava/lang/String;" line-rate="1.0" branch-rate="1.0" complexity="0">
							<lines>
								<line number="77" hits="859" branch="false"/>
							</lines>
						</method>
						<method name="getParent" signature="()Lorg/panopticode/MetricTarget;" line-rate="1.0" branch-rate="1.0" complexity="0">
							<lines>
								<line number="208" hits="383" branch="false"/>
							</lines>
						</method>
						<method name="getParentClass" signature="()Lorg/panopticode/PanopticodeClass;" line-rate="1.0" branch-rate="1.0" complexity="0">
							<lines>
								<line number="69" hits="432" branch="false"/>
							</lines>
						</method>
						<method name="getPositionColumn" signature="()I" line-rate="1.0" branch-rate="1.0" complexity="0">
							<lines>
								<line number="85" hits="21" branch="false"/>
							</lines>
						</method>
						<method name="getPositionLine" signature="()I" line-rate="1.0" branch-rate="1.0" complexity="0">
							<lines>
								<line number="89" hits="21" branch="false"/>
							</lines>
						</method>
						<method name="getShortSignature" signature="()Ljava/lang/String;" line-rate="1.0" branch-rate="1.0" complexity="0">
							<lines>
								<line number="189" hits="5766" branch="false"/>
								<line number="190" hits="5766" branch="false"/>
								<line number="191" hits="5766" branch="false"/>
								<line number="192" hits="5766" branch="false"/>
								<line number="193" hits="5766" branch="true" condition-coverage="100% (2/2)">
									<conditions>
										<condition number="0" type="jump" coverage="100%"/>
									</conditions>
								</line>
								<line number="194" hits="5734" branch="true" condition-coverage="100% (2/2)">
									<conditions>
										<condition number="0" type="jump" coverage="100%"/>
									</conditions>
								</line>
								<line number="195" hits="2259" branch="false"/>
								<line number="196" hits="5734" branch="false"/>
								<line number="197" hits="5734" branch="false"/>
								<line number="198" hits="5734" branch="false"/>
								<line number="199" hits="5766" branch="false"/>
								<line number="200" hits="5766" branch="false"/>
							</lines>
						</method>
						<method name="getSignature" signature="()Ljava/lang/String;" line-rate="1.0" branch-rate="0.875" complexity="0">
							<lines>
								<line number="165" hits="15" branch="false"/>
								<line number="166" hits="15" branch="true" condition-coverage="50% (1/2)">
									<conditions>
										<condition number="0" type="jump" coverage="50%"/>
									</conditions>
								</line>
								<line number="167" hits="15" branch="false"/>
								<line number="168" hits="15" branch="true" condition-coverage="100% (2/2)">
									<conditions>
										<condition number="0" type="jump" coverage="100%"/>
									</conditions>
								</line>
								<line number="169" hits="12" branch="false"/>
								<line number="170" hits="12" branch="false"/>
								<line number="172" hits="15" branch="false"/>
								<line number="173" hits="15" branch="false"/>
								<line number="175" hits="15" branch="false"/>
								<line number="176" hits="15" branch="false"/>
								<line number="177" hits="15" branch="false"/>
								<line number="178" hits="15" branch="true" condition-coverage="100% (2/2)">
									<conditions>
										<condition number="0" type="jump" coverage="100%"/>
									</conditions>
								</line>
								<line number="179" hits="3" branch="true" condition-coverage="100% (2/2)">
									<conditions>
										<condition number="0" type="jump" coverage="100%"/>
									</conditions>
								</line>
								<line number="180" hits="1" branch="false"/>
								<line number="181" hits="3" branch="false"/>
								<line number="182" hits="3" branch="false"/>
								<line number="183" hits="3" branch="false"/>
								<line number="184" hits="15" branch="false"/>
								<line number="185" hits="15" branch="false"/>
							</lines>
						</method>
						<method name="isAbstract" signature="()Z" line-rate="1.0" branch-rate="1.0" complexity="0">
							<lines>
								<line number="57" hits="18" branch="false"/>
							</lines>
						</method>
						<method name="isConstructor" signature="()Z" line-rate="1.0" branch-rate="1.0" complexity="0">
							<lines>
								<line number="93" hits="30" branch="false"/>
							</lines>
						</method>
						<method name="isLevel" signature="(Lorg/panopticode/Level;)Z" line-rate="1.0" branch-rate="1.0" complexity="0">
							<lines>
								<line number="212" hits="1" branch="false"/>
							</lines>
						</method>
						<method name="setAbstract" signature="(Z)V" line-rate="1.0" branch-rate="1.0" complexity="0">
							<lines>
								<line number="61" hits="402" branch="false"/>
								<line number="62" hits="402" branch="false"/>
							</lines>
						</method>
						<method name="setConstructor" signature="(Z)V" line-rate="1.0" branch-rate="1.0" complexity="0">
							<lines>
								<line number="97" hits="404" branch="false"/>
								<line number="98" hits="404" branch="false"/>
							</lines>
						</method>
						<method name="setParentClass" signature="(Lorg/panopticode/PanopticodeClass;)V" line-rate="1.0" branch-rate="1.0" complexity="0">
							<lines>
								<line number="65" hits="442" branch="false"/>
								<line number="66" hits="442" branch="false"/>
							</lines>
						</method>
						<method name="toXML" signature="(Lorg/dom4j/Element;)V" line-rate="1.0" branch-rate="1.0" complexity="0">
							<lines>
								<line number="101" hits="4" branch="false"/>
								<line number="103" hits="4" branch="false"/>
								<line number="105" hits="4" branch="false"/>
								<line number="106" hits="4" branch="true" condition-coverage="100% (2/2)">
									<conditions>
										<condition number="0" type="jump" coverage="100%"/>
									</conditions>
								</line>
								<line number="107" hits="1" branch="false"/>
								<line number="108" hits="4" branch="true" condition-coverage="100% (2/2)">
									<conditions>
										<condition number="0" type="jump" coverage="100%"/>
									</conditions>
								</line>
								<line number="109" hits="1" branch="false"/>
								<line number="111" hits="4" branch="true" condition-coverage="100% (2/2)">
									<conditions>
										<condition number="0" type="jump" coverage="100%"/>
									</conditions>
								</line>
								<line number="112" hits="2" branch="false"/>
								<line number="114" hits="4" branch="false"/>
								<line number="115" hits="4" branch="false"/>
								<line number="116" hits="4" branch="false"/>
								<line number="118" hits="4" branch="true" condition-coverage="100% (2/2)">
									<conditions>
										<condition number="0" type="jump" coverage="100%"/>
									</conditions>
								</line>
								<line number="119" hits="1" branch="false"/>
								<line number="120" hits="4" branch="false"/>
							</lines>
						</method>
					</methods>
					<lines>
						<line number="28" hits="1" branch="false"/>
						<line number="30" hits="531" branch="false"/>
						<line number="33" hits="531" branch="false"/>
[...]
								<line number="131" hits="8" branch="false"/>
								<line number="132" hits="2" branch="false"/>
							</lines>
						</method>
					</methods>
					<lines>
						<line number="12" hits="23" branch="false"/>
						<line number="27" hits="17" branch="true" condition-coverage="100% (2/2)">
							<conditions>
								<condition number="0" type="jump" coverage="100%"/>
							</conditions>
						</line>
						<line number="28" hits="16" branch="false"/>
						<line number="29" hits="16" branch="false"/>
						<line number="30" hits="16" branch="false"/>
						<line number="32" hits="16" branch="false"/>
						<line number="33" hits="16" branch="false"/>
						<line number="34" hits="16" branch="false"/>
						<line number="36" hits="16" branch="false"/>
						<line number="37" hits="16" branch="false"/>
						<line number="38" hits="16" branch="false"/>
						<line number="40" hits="16" branch="false"/>
						<line number="41" hits="16" branch="false"/>
						<line number="42" hits="16" branch="false"/>
						<line number="44" hits="16" branch="false"/>
						<line number="45" hits="16" branch="false"/>
						<line number="46" hits="16" branch="false"/>
						<line number="48" hits="16" branch="false"/>
						<line number="49" hits="16" branch="false"/>
						<line number="50" hits="16" branch="false"/>
						<line number="52" hits="16" branch="false"/>
						<line number="53" hits="16" branch="false"/>
						<line number="54" hits="16" branch="false"/>
						<line number="56" hits="16" branch="false"/>
						<line number="57" hits="16" branch="false"/>
						<line number="58" hits="16" branch="false"/>
						<line number="60" hits="16" branch="false"/>
						<line number="61" hits="16" branch="false"/>
						<line number="62" hits="16" branch="false"/>
						<line number="64" hits="16" branch="false"/>
						<line number="65" hits="16" branch="false"/>
						<line number="66" hits="16" branch="false"/>
						<line number="67" hits="16" branch="false"/>
						<line number="68" hits="16" branch="false"/>
						<line number="69" hits="16" branch="false"/>
						<line number="70" hits="16" branch="false"/>
						<line number="71" hits="16" branch="false"/>
						<line number="72" hits="16" branch="false"/>
						<line number="73" hits="16" branch="false"/>
						<line number="76" hits="17" branch="false"/>
						<line number="80" hits="2" branch="false"/>
						<line number="85" hits="2" branch="false"/>
						<line number="87" hits="2" branch="false"/>
						<line number="88" hits="1" branch="false"/>
						<line number="89" hits="1" branch="false"/>
						<line number="90" hits="1" branch="false"/>
						<line number="92" hits="1" branch="false"/>
						<line number="93" hits="1" branch="false"/>
						<line number="96" hits="2" branch="true" condition-coverage="100% (2/2)">
							<conditions>
								<condition number="0" type="jump" coverage="100%"/>
							</conditions>
						</line>
						<line number="97" hits="2" branch="false"/>
						<line number="99" hits="2" branch="true" condition-coverage="100% (2/2)">
							<conditions>
								<condition number="0" type="jump" coverage="100%"/>
							</conditions>
						</line>
						<line number="100" hits="1" branch="false"/>
						<line number="101" hits="1" branch="false"/>
						<line number="103" hits="1" branch="false"/>
						<line number="104" hits="1" branch="false"/>
						<line number="105" hits="1" branch="false"/>
						<line number="106" hits="1" branch="false"/>
						<line number="107" hits="1" branch="false"/>
						<line number="108" hits="1" branch="false"/>
						<line number="109" hits="1" branch="false"/>
						<line number="110" hits="1" branch="false"/>
						<line number="111" hits="1" branch="false"/>
						<line number="113" hits="1" branch="false"/>
						<line number="114" hits="1" branch="false"/>
						<line number="115" hits="1" branch="false"/>
						<line number="116" hits="1" branch="false"/>
						<line number="117" hits="1" branch="false"/>
						<line number="118" hits="1" branch="false"/>
						<line number="119" hits="1" branch="false"/>
						<line number="120" hits="1" branch="false"/>
						<line number="121" hits="1" branch="false"/>
						<line number="122" hits="1" branch="false"/>
						<line number="123" hits="2" branch="false"/>
						<line number="124" hits="1" branch="false"/>
						<line number="126" hits="2" branch="false"/>
						<line number="128" hits="2" branch="true" condition-coverage="100% (2/2)">
							<conditions>
								<condition number="0" type="jump" coverage="100%"/>
							</conditions>
						</line>
						<line number="129" hits="8" branch="false"/>
						<line number="131" hits="8" branch="false"/>
						<line number="132" hits="2" branch="false"/>
						<line number="137" hits="3" branch="false"/>
						<line number="139" hits="3" branch="true" condition-coverage="100% (2/2)">
							<conditions>
								<condition number="0" type="jump" coverage="100%"/>
							</conditions>
						</line>
						<line number="143" hits="17" branch="false"/>
						<line number="144" hits="17" branch="false"/>
						<line number="147" hits="17" branch="true" condition-coverage="100% (2/2)">
							<conditions>
								<condition number="0" type="jump" coverage="100%"/>
							</conditions>
						</line>
						<line number="150" hits="11" branch="false"/>
						<line number="152" hits="11" branch="true" condition-coverage="100% (2/2)">
							<conditions>
								<condition number="0" type="jump" coverage="100%"/>
							</conditions>
						</line>
						<line number="153" hits="2" branch="false"/>
						<line number="156" hits="11" branch="false"/>
						<line number="158" hits="17" branch="false"/>
						<line number="160" hits="3" branch="false"/>
						<line number="164" hits="2" branch="true" condition-coverage="100% (2/2)">
							<conditions>
								<condition number="0" type="jump" coverage="100%"/>
							</conditions>
						</line>
						<line number="165" hits="1" branch="false"/>
						<line number="168" hits="1" branch="false"/>
					</lines>
				</class>
			</classes>
		</package>
		<package name="org.panopticode.util" line-rate="0.9322033898305084" branch-rate="0.96875" complexity="2.8333333333333335">
			<classes>
				<class name="org.panopticode.util.ArgumentValidation" filename="org/panopticode/util/ArgumentValidation.java" line-rate="0.8461538461538461" branch-rate="0.9" complexity="3.25">
					<methods>
						<method name="&lt;init&gt;" signature="()V" line-rate="0.0" branch-rate="1.0" complexity="0">
							<lines>
								<line number="24" hits="0" branch="false"/>
							</lines>
						</method>
						<method name="failIfEmpty" signature="(Ljava/lang/String;Ljava/lang/String;)V" line-rate="1.0" branch-rate="1.0" complexity="0">
							<lines>
								<line number="26" hits="2234" branch="true" condition-coverage="100% (4/4)">
									<conditions>
										<condition number="0" type="jump" coverage="100%"/>
										<condition number="1" type="jump" coverage="100%"/>
									</conditions>
								</line>
								<line number="27" hits="20" branch="false"/>
								<line number="29" hits="2214" branch="false"/>
							</lines>
						</method>
						<method name="failIfNotANumber" signature="(DLjava/lang/String;)V" line-rate="0.6666666666666666" branch-rate="0.5" complexity="0">
							<lines>
								<line number="32" hits="1536" branch="true" condition-coverage="50% (1/2)">
									<conditions>
										<condition number="0" type="jump" coverage="50%"/>
									</conditions>
								</line>
								<line number="33" hits="0" branch="false"/>
								<line number="35" hits="1536" branch="false"/>
							</lines>
						</method>
						<method name="failIfNotPositive" signature="(ILjava/lang/String;)V" line-rate="1.0" branch-rate="1.0" complexity="0">
							<lines>
								<line number="38" hits="1051" branch="true" condition-coverage="100% (2/2)">
									<conditions>
										<condition number="0" type="jump" coverage="100%"/>
									</conditions>
								</line>
								<line number="39" hits="7" branch="false"/>
								<line number="41" hits="1044" branch="false"/>
							</lines>
						</method>
						<method name="failIfNull" signature="(Ljava/lang/Object;Ljava/lang/String;)V" line-rate="1.0" branch-rate="1.0" complexity="0">
							<lines>
								<line number="44" hits="3518" branch="true" condition-coverage="100% (2/2)">
									<conditions>
										<condition number="0" type="jump" coverage="100%"/>
									</conditions>
								</line>
								<line number="45" hits="5" branch="false"/>
								<line number="47" hits="3513" branch="false"/>
							</lines>
						</method>
					</methods>
					<lines>
						<line number="24" hits="0" branch="false"/>
						<line number="26" hits="2234" branch="true" condition-coverage="100% (4/4)">
							<conditions>
								<condition number="0" type="jump" coverage="100%"/>
								<condition number="1" type="jump" coverage="100%"/>
							</conditions>
						</line>
						<line number="27" hits="20" branch="false"/>
						<line number="29" hits="2214" branch="false"/>
						<line number="32" hits="1536" branch="true" condition-coverage="50% (1/2)">
							<conditions>
								<condition number="0" type="jump" coverage="50%"/>
							</conditions>
						</line>
						<line number="33" hits="0" branch="false"/>
						<line number="35" hits="1536" branch="false"/>
						<line number="38" hits="1051" branch="true" condition-coverage="100% (2/2)">
							<conditions>
								<condition number="0" type="jump" coverage="100%"/>
							</conditions>
						</line>
						<line number="39" hits="7" branch="false"/>
						<line number="41" hits="1044" branch="false"/>
						<line number="44" hits="3518" branch="true" condition-coverage="100% (2/2)">
							<conditions>
								<condition number="0" type="jump" coverage="100%"/>
							</conditions>
						</line>
						<line number="45" hits="5" branch="false"/>
						<line number="47" hits="3513" branch="false"/>
					</lines>
				</class>
				<class name="org.panopticode.util.SVGHelper" filename="org/panopticode/util/SVGHelper.java" line-rate="0.9767441860465116" branch-rate="1.0" complexity="3.0">
					<methods>
						<method name="&lt;init&gt;" signature="()V" line-rate="0.0" branch-rate="1.0" complexity="0">
							<lines>
								<line number="8" hits="0" branch="false"/>
							</lines>
						</method>
						<method name="addAttributeIfNotEmpty" signature="(Lorg/dom4j/Element;Ljava/lang/String;Ljava/lang/String;)V" line-rate="1.0" branch-rate="1.0" complexity="0">
							<lines>
								<line number="58" hits="183" branch="true" condition-coverage="100% (2/2)">
									<conditions>
										<condition number="0" type="jump" coverage="100%"/>
									</conditions>
								</line>
								<line number="59" hits="61" branch="false"/>
								<line number="61" hits="183" branch="false"/>
							</lines>
						</method>
						<method name="addGrouping" signature="(Lorg/dom4j/Element;Ljava/lang/String;Ljava/lang/String;Ljava/lang/String;)Lorg/dom4j/Element;" line-rate="1.0" branch-rate="1.0" complexity="0">
							<lines>
								<line number="13" hits="61" branch="false"/>
								<line number="15" hits="61" branch="false"/>
								<line number="16" hits="61" branch="false"/>
								<line number="17" hits="61" branch="false"/>
								<line number="19" hits="61" branch="false"/>
							</lines>
						</method>
						<method name="addRectangle" signature="(Lorg/dom4j/Element;DDDDLjava/lang/String;Ljava/lang/String;)Lorg/dom4j/Element;" line-rate="1.0" branch-rate="1.0" complexity="0">
							<lines>
								<line number="27" hits="384" branch="false"/>
								<line number="28" hits="384" branch="false"/>
								<line number="29" hits="384" branch="false"/>
								<line number="30" hits="384" branch="false"/>
								<line number="32" hits="384" branch="false"/>
								<line number="34" hits="384" branch="false"/>
								<line number="35" hits="384" branch="false"/>
								<line number="36" hits="384" branch="false"/>
								<line number="37" hits="384" branch="false"/>
								<line number="38" hits="384" branch="false"/>
								<line number="39" hits="384" branch="false"/>
								<line number="40" hits="384" branch="false"/>
								<line number="42" hits="384" branch="false"/>
							</lines>
						</method>
						<method name="addText" signature="(Lorg/dom4j/Element;DDLjava/lang/String;)Lorg/dom4j/Element;" line-rate="1.0" branch-rate="1.0" complexity="0">
							<lines>
								<line number="48" hits="35" branch="false"/>
								<line number="50" hits="35" branch="false"/>
								<line number="51" hits="35" branch="false"/>
								<line number="52" hits="35" branch="false"/>
								<line number="54" hits="35" branch="false"/>
							</lines>
						</method>
						<method name="cleanId" signature="(Ljava/lang/String;)Ljava/lang/String;" line-rate="1.0" branch-rate="1.0" complexity="0">
							<lines>
								<line number="71" hits="64" branch="false"/>
								<line number="72" hits="64" branch="false"/>
								<line number="74" hits="64" branch="false"/>
								<line number="76" hits="624" branch="true" condition-coverage="100% (2/2)">
									<conditions>
										<condition number="0" type="jump" coverage="100%"/>
									</conditions>
								</line>
								<line number="77" hits="560" branch="true" condition-coverage="100% (2/2)">
									<conditions>
										<condition number="0" type="jump" coverage="100%"/>
									</conditions>
								</line>
								<line number="78" hits="64" branch="true" condition-coverage="100% (2/2)">
									<conditions>
										<condition number="0" type="jump" coverage="100%"/>
									</conditions>
								</line>
								<line number="79" hits="48" branch="false"/>
								<line number="81" hits="16" branch="false"/>
								<line number="84" hits="496" branch="true" condition-coverage="100% (6/6)">
									<conditions>
										<condition number="0" type="jump" coverage="100%"/>
										<condition number="1" type="jump" coverage="100%"/>
										<condition number="2" type="jump" coverage="100%"/>
									</conditions>
								</line>
								<line number="85" hits="424" branch="false"/>
								<line number="87" hits="72" branch="false"/>
								<line number="91" hits="560" branch="false"/>
								<line number="94" hits="64" branch="false"/>
							</lines>
						</method>
						<method name="validIdSpecialCharacter" signature="(C)Z" line-rate="1.0" branch-rate="1.0" complexity="0">
							<lines>
								<line number="98" hits="80" branch="true" condition-coverage="100% (2/2)">
									<conditions>
										<condition number="0" type="switch" coverage="100%"/>
									</conditions>
								</line>
								<line number="103" hits="8" branch="false"/>
								<line number="105" hits="72" branch="false"/>
							</lines>
						</method>
					</methods>
					<lines>
						<line number="8" hits="0" branch="false"/>
						<line number="13" hits="61" branch="false"/>
						<line number="15" hits="61" branch="false"/>
						<line number="16" hits="61" branch="false"/>
						<line number="17" hits="61" branch="false"/>
						<line number="19" hits="61" branch="false"/>
						<line number="27" hits="384" branch="false"/>
						<line number="28" hits="384" branch="false"/>
						<line number="29" hits="384" branch="false"/>
						<line number="30" hits="384" branch="false"/>
						<line number="32" hits="384" branch="false"/>
						<line number="34" hits="384" branch="false"/>
						<line number="35" hits="384" branch="false"/>
						<line number="36" hits="384" branch="false"/>
						<line number="37" hits="384" branch="false"/>
						<line number="38" hits="384" branch="false"/>
						<line number="39" hits="384" branch="false"/>
						<line number="40" hits="384" branch="false"/>
						<line number="42" hits="384" branch="false"/>
						<line number="48" hits="35" branch="false"/>
						<line number="50" hits="35" branch="false"/>
						<line number="51" hits="35" branch="false"/>
						<line number="52" hits="35" branch="false"/>
						<line number="54" hits="35" branch="false"/>
						<line number="58" hits="183" branch="true" condition-coverage="100% (2/2)">
							<conditions>
								<condition number="0" type="jump" coverage="100%"/>
							</conditions>
						</line>
						<line number="59" hits="61" branch="false"/>
						<line number="61" hits="183" branch="false"/>
						<line number="71" hits="64" branch="false"/>
						<line number="72" hits="64" branch="false"/>
						<line number="74" hits="64" branch="false"/>
						<line number="76" hits="624" branch="true" condition-coverage="100% (2/2)">
							<conditions>
								<condition number="0" type="jump" coverage="100%"/>
							</conditions>
						</line>
						<line number="77" hits="560" branch="true" condition-coverage="100% (2/2)">
							<conditions>
								<condition number="0" type="jump" coverage="100%"/>
							</conditions>
						</line>
						<line number="78" hits="64" branch="true" condition-coverage="100% (2/2)">
							<conditions>
								<condition number="0" type="jump" coverage="100%"/>
							</conditions>
						</line>
						<line number="79" hits="48" branch="false"/>
						<line number="81" hits="16" branch="false"/>
						<line number="84" hits="496" branch="true" condition-coverage="100% (6/6)">
							<conditions>
								<condition number="0" type="jump" coverage="100%"/>
								<condition number="1" type="jump" coverage="100%"/>
								<condition number="2" type="jump" coverage="100%"/>
							</conditions>
						</line>
						<line number="85" hits="424" branch="false"/>
						<line number="87" hits="72" branch="false"/>
						<line number="91" hits="560" branch="false"/>
						<line number="94" hits="64" branch="false"/>
						<line number="98" hits="80" branch="true" condition-coverage="100% (2/2)">
							<conditions>
								<condition number="0" type="switch" coverage="100%"/>
							</conditions>
						</line>
						<line number="103" hits="8" branch="false"/>
						<line number="105" hits="72" branch="false"/>
					</lines>
				</class>
				<class name="org.panopticode.util.StringHelper" filename="org/panopticode/util/StringHelper.java" line-rate="0.6666666666666666" branch-rate="1.0" complexity="1.5">
					<methods>
						<method name="&lt;init&gt;" signature="()V" line-rate="0.0" branch-rate="1.0" complexity="0">
							<lines>
								<line number="3" hits="0" branch="false"/>
							</lines>
						</method>
						<method name="isEmpty" signature="(Ljava/lang/String;)Z" line-rate="1.0" branch-rate="1.0" complexity="0">
							<lines>
								<line number="9" hits="193" branch="true" condition-coverage="100% (4/4)">
									<conditions>
										<condition number="0" type="jump" coverage="100%"/>
										<condition number="1" type="jump" coverage="100%"/>
									</conditions>
								</line>
							</lines>
						</method>
						<method name="notEmpty" signature="(Ljava/lang/String;)Z" line-rate="1.0" branch-rate="1.0" complexity="0">
							<lines>
								<line number="5" hits="188" branch="true" condition-coverage="100% (2/2)">
									<conditions>
										<condition number="0" type="jump" coverage="100%"/>
									</conditions>
								</line>
							</lines>
						</method>
					</methods>
					<lines>
						<line number="3" hits="0" branch="false"/>
						<line number="5" hits="188" branch="true" condition-coverage="100% (2/2)">
							<conditions>
								<condition number="0" type="jump" coverage="100%"/>
							</conditions>
						</line>
						<line number="9" hits="193" branch="true" condition-coverage="100% (4/4)">
							<conditions>
								<condition number="0" type="jump" coverage="100%"/>
								<condition number="1" type="jump" coverage="100%"/>
							</conditions>
						</line>
					</lines>
				</class>
			</classes>
		</package>
	</packages>
</coverage>
